The system is: Linux - 3.2.0-92-generic - x86_64
Compiling the CXX compiler identification source file "CMakeCXXCompilerId.cpp" succeeded.
Compiler: /usr/local/bibliotheques/gcc/4.9.2/bin/c++ 
Build flags: 
Id flags: 

The output was:
0


Compilation of the CXX compiler identification source "CMakeCXXCompilerId.cpp" produced "a.out"

The CXX compiler identification is GNU, found in "/home/cdoucet/logiciels/forexample/cmake/find_path/build/CMakeFiles/CompilerIdCXX/a.out"

Determining if the CXX compiler works passed with the following output:
Change Dir: /home/cdoucet/logiciels/forexample/cmake/find_path/build/CMakeFiles/CMakeTmp

Run Build Command:/usr/bin/make "cmTryCompileExec/fast"
/usr/bin/make -f CMakeFiles/cmTryCompileExec.dir/build.make CMakeFiles/cmTryCompileExec.dir/build
make[1]: entrant dans le répertoire « /home/cdoucet/logiciels/forexample/cmake/find_path/build/CMakeFiles/CMakeTmp »
/usr/bin/cmake -E cmake_progress_report /home/cdoucet/logiciels/forexample/cmake/find_path/build/CMakeFiles/CMakeTmp/CMakeFiles 1
Building CXX object CMakeFiles/cmTryCompileExec.dir/testCXXCompiler.cxx.o
/usr/local/bibliotheques/gcc/4.9.2/bin/c++     -o CMakeFiles/cmTryCompileExec.dir/testCXXCompiler.cxx.o -c /home/cdoucet/logiciels/forexample/cmake/find_path/build/CMakeFiles/CMakeTmp/testCXXCompiler.cxx
Linking CXX executable cmTryCompileExec
/usr/bin/cmake -E cmake_link_script CMakeFiles/cmTryCompileExec.dir/link.txt --verbose=1
/usr/local/bibliotheques/gcc/4.9.2/bin/c++          CMakeFiles/cmTryCompileExec.dir/testCXXCompiler.cxx.o  -o cmTryCompileExec -rdynamic 
make[1]: quittant le répertoire « /home/cdoucet/logiciels/forexample/cmake/find_path/build/CMakeFiles/CMakeTmp »


Detecting CXX compiler ABI info compiled with the following output:
Change Dir: /home/cdoucet/logiciels/forexample/cmake/find_path/build/CMakeFiles/CMakeTmp

Run Build Command:/usr/bin/make "cmTryCompileExec/fast"
/usr/bin/make -f CMakeFiles/cmTryCompileExec.dir/build.make CMakeFiles/cmTryCompileExec.dir/build
make[1]: entrant dans le répertoire « /home/cdoucet/logiciels/forexample/cmake/find_path/build/CMakeFiles/CMakeTmp »
/usr/bin/cmake -E cmake_progress_report /home/cdoucet/logiciels/forexample/cmake/find_path/build/CMakeFiles/CMakeTmp/CMakeFiles 1
Building CXX object CMakeFiles/cmTryCompileExec.dir/CMakeCXXCompilerABI.cpp.o
/usr/local/bibliotheques/gcc/4.9.2/bin/c++     -o CMakeFiles/cmTryCompileExec.dir/CMakeCXXCompilerABI.cpp.o -c /usr/share/cmake-2.8/Modules/CMakeCXXCompilerABI.cpp
Linking CXX executable cmTryCompileExec
/usr/bin/cmake -E cmake_link_script CMakeFiles/cmTryCompileExec.dir/link.txt --verbose=1
/usr/local/bibliotheques/gcc/4.9.2/bin/c++        -v CMakeFiles/cmTryCompileExec.dir/CMakeCXXCompilerABI.cpp.o  -o cmTryCompileExec -rdynamic  
Utilisation des specs internes.
COLLECT_GCC=/usr/local/bibliotheques/gcc/4.9.2/bin/c++
COLLECT_LTO_WRAPPER=/usr/local/bibliotheques/gcc/4.9.2/libexec/gcc/x86_64-unknown-linux-gnu/4.9.2/lto-wrapper
Target: x86_64-unknown-linux-gnu
Configuré avec: ./configure --prefix=/usr/local/bibliotheques/gcc/4.9.2
Modèle de thread: posix
gcc version 4.9.2 (GCC) 
COMPILER_PATH=/usr/local/bibliotheques/gcc/4.9.2/libexec/gcc/x86_64-unknown-linux-gnu/4.9.2/:/usr/local/bibliotheques/gcc/4.9.2/libexec/gcc/x86_64-unknown-linux-gnu/4.9.2/:/usr/local/bibliotheques/gcc/4.9.2/libexec/gcc/x86_64-unknown-linux-gnu/:/usr/local/bibliotheques/gcc/4.9.2/lib/gcc/x86_64-unknown-linux-gnu/4.9.2/:/usr/local/bibliotheques/gcc/4.9.2/lib/gcc/x86_64-unknown-linux-gnu/
LIBRARY_PATH=/usr/local/bibliotheques/gcc/4.9.2//lib/../lib64/:/usr/local/bibliotheques/gcc/4.9.2/lib/gcc/x86_64-unknown-linux-gnu/4.9.2/:/usr/local/bibliotheques/gcc/4.9.2/lib/gcc/x86_64-unknown-linux-gnu/4.9.2/../../../../lib64/:/lib/x86_64-linux-gnu/:/lib/../lib64/:/usr/lib/x86_64-linux-gnu/:/usr/local/bibliotheques/gcc/4.9.2//lib/:/usr/local/bibliotheques/gcc/4.9.2/lib/gcc/x86_64-unknown-linux-gnu/4.9.2/../../../:/lib/:/usr/lib/
COLLECT_GCC_OPTIONS='-v' '-o' 'cmTryCompileExec' '-rdynamic' '-shared-libgcc' '-mtune=generic' '-march=x86-64'
 /usr/local/bibliotheques/gcc/4.9.2/libexec/gcc/x86_64-unknown-linux-gnu/4.9.2/collect2 --eh-frame-hdr -m elf_x86_64 -export-dynamic -dynamic-linker /lib64/ld-linux-x86-64.so.2 -o cmTryCompileExec /usr/lib/x86_64-linux-gnu/crt1.o /usr/lib/x86_64-linux-gnu/crti.o /usr/local/bibliotheques/gcc/4.9.2/lib/gcc/x86_64-unknown-linux-gnu/4.9.2/crtbegin.o -L/usr/local/bibliotheques/gcc/4.9.2//lib/../lib64 -L/usr/local/bibliotheques/gcc/4.9.2/lib/gcc/x86_64-unknown-linux-gnu/4.9.2 -L/usr/local/bibliotheques/gcc/4.9.2/lib/gcc/x86_64-unknown-linux-gnu/4.9.2/../../../../lib64 -L/lib/x86_64-linux-gnu -L/lib/../lib64 -L/usr/lib/x86_64-linux-gnu -L/usr/local/bibliotheques/gcc/4.9.2//lib -L/usr/local/bibliotheques/gcc/4.9.2/lib/gcc/x86_64-unknown-linux-gnu/4.9.2/../../.. CMakeFiles/cmTryCompileExec.dir/CMakeCXXCompilerABI.cpp.o -lstdc++ -lm -lgcc_s -lgcc -lc -lgcc_s -lgcc /usr/local/bibliotheques/gcc/4.9.2/lib/gcc/x86_64-unknown-linux-gnu/4.9.2/crtend.o /usr/lib/x86_64-linux-gnu/crtn.o
make[1]: quittant le répertoire « /home/cdoucet/logiciels/forexample/cmake/find_path/build/CMakeFiles/CMakeTmp »


Parsed CXX implicit link information from above output:
  link line regex: [^( *|.*[/\])(ld|ld|collect2)[^/\]*( |$)]
  ignore line: [Change Dir: /home/cdoucet/logiciels/forexample/cmake/find_path/build/CMakeFiles/CMakeTmp]
  ignore line: []
  ignore line: [Run Build Command:/usr/bin/make "cmTryCompileExec/fast"]
  ignore line: [/usr/bin/make -f CMakeFiles/cmTryCompileExec.dir/build.make CMakeFiles/cmTryCompileExec.dir/build]
  ignore line: [make[1]: entrant dans le répertoire « /home/cdoucet/logiciels/forexample/cmake/find_path/build/CMakeFiles/CMakeTmp »]
  ignore line: [/usr/bin/cmake -E cmake_progress_report /home/cdoucet/logiciels/forexample/cmake/find_path/build/CMakeFiles/CMakeTmp/CMakeFiles 1]
  ignore line: [Building CXX object CMakeFiles/cmTryCompileExec.dir/CMakeCXXCompilerABI.cpp.o]
  ignore line: [/usr/local/bibliotheques/gcc/4.9.2/bin/c++     -o CMakeFiles/cmTryCompileExec.dir/CMakeCXXCompilerABI.cpp.o -c /usr/share/cmake-2.8/Modules/CMakeCXXCompilerABI.cpp]
  ignore line: [Linking CXX executable cmTryCompileExec]
  ignore line: [/usr/bin/cmake -E cmake_link_script CMakeFiles/cmTryCompileExec.dir/link.txt --verbose=1]
  ignore line: [/usr/local/bibliotheques/gcc/4.9.2/bin/c++        -v CMakeFiles/cmTryCompileExec.dir/CMakeCXXCompilerABI.cpp.o  -o cmTryCompileExec -rdynamic  ]
  ignore line: [Utilisation des specs internes.]
  ignore line: [COLLECT_GCC=/usr/local/bibliotheques/gcc/4.9.2/bin/c++]
  ignore line: [COLLECT_LTO_WRAPPER=/usr/local/bibliotheques/gcc/4.9.2/libexec/gcc/x86_64-unknown-linux-gnu/4.9.2/lto-wrapper]
  ignore line: [Target: x86_64-unknown-linux-gnu]
  ignore line: [Configuré avec: ./configure --prefix=/usr/local/bibliotheques/gcc/4.9.2]
  ignore line: [Modèle de thread: posix]
  ignore line: [gcc version 4.9.2 (GCC) ]
  ignore line: [COMPILER_PATH=/usr/local/bibliotheques/gcc/4.9.2/libexec/gcc/x86_64-unknown-linux-gnu/4.9.2/:/usr/local/bibliotheques/gcc/4.9.2/libexec/gcc/x86_64-unknown-linux-gnu/4.9.2/:/usr/local/bibliotheques/gcc/4.9.2/libexec/gcc/x86_64-unknown-linux-gnu/:/usr/local/bibliotheques/gcc/4.9.2/lib/gcc/x86_64-unknown-linux-gnu/4.9.2/:/usr/local/bibliotheques/gcc/4.9.2/lib/gcc/x86_64-unknown-linux-gnu/]
  ignore line: [LIBRARY_PATH=/usr/local/bibliotheques/gcc/4.9.2//lib/../lib64/:/usr/local/bibliotheques/gcc/4.9.2/lib/gcc/x86_64-unknown-linux-gnu/4.9.2/:/usr/local/bibliotheques/gcc/4.9.2/lib/gcc/x86_64-unknown-linux-gnu/4.9.2/../../../../lib64/:/lib/x86_64-linux-gnu/:/lib/../lib64/:/usr/lib/x86_64-linux-gnu/:/usr/local/bibliotheques/gcc/4.9.2//lib/:/usr/local/bibliotheques/gcc/4.9.2/lib/gcc/x86_64-unknown-linux-gnu/4.9.2/../../../:/lib/:/usr/lib/]
  ignore line: [COLLECT_GCC_OPTIONS='-v' '-o' 'cmTryCompileExec' '-rdynamic' '-shared-libgcc' '-mtune=generic' '-march=x86-64']
  link line: [ /usr/local/bibliotheques/gcc/4.9.2/libexec/gcc/x86_64-unknown-linux-gnu/4.9.2/collect2 --eh-frame-hdr -m elf_x86_64 -export-dynamic -dynamic-linker /lib64/ld-linux-x86-64.so.2 -o cmTryCompileExec /usr/lib/x86_64-linux-gnu/crt1.o /usr/lib/x86_64-linux-gnu/crti.o /usr/local/bibliotheques/gcc/4.9.2/lib/gcc/x86_64-unknown-linux-gnu/4.9.2/crtbegin.o -L/usr/local/bibliotheques/gcc/4.9.2//lib/../lib64 -L/usr/local/bibliotheques/gcc/4.9.2/lib/gcc/x86_64-unknown-linux-gnu/4.9.2 -L/usr/local/bibliotheques/gcc/4.9.2/lib/gcc/x86_64-unknown-linux-gnu/4.9.2/../../../../lib64 -L/lib/x86_64-linux-gnu -L/lib/../lib64 -L/usr/lib/x86_64-linux-gnu -L/usr/local/bibliotheques/gcc/4.9.2//lib -L/usr/local/bibliotheques/gcc/4.9.2/lib/gcc/x86_64-unknown-linux-gnu/4.9.2/../../.. CMakeFiles/cmTryCompileExec.dir/CMakeCXXCompilerABI.cpp.o -lstdc++ -lm -lgcc_s -lgcc -lc -lgcc_s -lgcc /usr/local/bibliotheques/gcc/4.9.2/lib/gcc/x86_64-unknown-linux-gnu/4.9.2/crtend.o /usr/lib/x86_64-linux-gnu/crtn.o]
    arg [/usr/local/bibliotheques/gcc/4.9.2/libexec/gcc/x86_64-unknown-linux-gnu/4.9.2/collect2] ==> ignore
    arg [--eh-frame-hdr] ==> ignore
    arg [-m] ==> ignore
    arg [elf_x86_64] ==> ignore
    arg [-export-dynamic] ==> ignore
    arg [-dynamic-linker] ==> ignore
    arg [/lib64/ld-linux-x86-64.so.2] ==> ignore
    arg [-o] ==> ignore
    arg [cmTryCompileExec] ==> ignore
    arg [/usr/lib/x86_64-linux-gnu/crt1.o] ==> ignore
    arg [/usr/lib/x86_64-linux-gnu/crti.o] ==> ignore
    arg [/usr/local/bibliotheques/gcc/4.9.2/lib/gcc/x86_64-unknown-linux-gnu/4.9.2/crtbegin.o] ==> ignore
    arg [-L/usr/local/bibliotheques/gcc/4.9.2//lib/../lib64] ==> dir [/usr/local/bibliotheques/gcc/4.9.2//lib/../lib64]
    arg [-L/usr/local/bibliotheques/gcc/4.9.2/lib/gcc/x86_64-unknown-linux-gnu/4.9.2] ==> dir [/usr/local/bibliotheques/gcc/4.9.2/lib/gcc/x86_64-unknown-linux-gnu/4.9.2]
    arg [-L/usr/local/bibliotheques/gcc/4.9.2/lib/gcc/x86_64-unknown-linux-gnu/4.9.2/../../../../lib64] ==> dir [/usr/local/bibliotheques/gcc/4.9.2/lib/gcc/x86_64-unknown-linux-gnu/4.9.2/../../../../lib64]
    arg [-L/lib/x86_64-linux-gnu] ==> dir [/lib/x86_64-linux-gnu]
    arg [-L/lib/../lib64] ==> dir [/lib/../lib64]
    arg [-L/usr/lib/x86_64-linux-gnu] ==> dir [/usr/lib/x86_64-linux-gnu]
    arg [-L/usr/local/bibliotheques/gcc/4.9.2//lib] ==> dir [/usr/local/bibliotheques/gcc/4.9.2//lib]
    arg [-L/usr/local/bibliotheques/gcc/4.9.2/lib/gcc/x86_64-unknown-linux-gnu/4.9.2/../../..] ==> dir [/usr/local/bibliotheques/gcc/4.9.2/lib/gcc/x86_64-unknown-linux-gnu/4.9.2/../../..]
    arg [CMakeFiles/cmTryCompileExec.dir/CMakeCXXCompilerABI.cpp.o] ==> ignore
    arg [-lstdc++] ==> lib [stdc++]
    arg [-lm] ==> lib [m]
    arg [-lgcc_s] ==> lib [gcc_s]
    arg [-lgcc] ==> lib [gcc]
    arg [-lc] ==> lib [c]
    arg [-lgcc_s] ==> lib [gcc_s]
    arg [-lgcc] ==> lib [gcc]
    arg [/usr/local/bibliotheques/gcc/4.9.2/lib/gcc/x86_64-unknown-linux-gnu/4.9.2/crtend.o] ==> ignore
    arg [/usr/lib/x86_64-linux-gnu/crtn.o] ==> ignore
  remove lib [gcc_s]
  remove lib [gcc]
  remove lib [gcc_s]
  remove lib [gcc]
  collapse dir [/usr/local/bibliotheques/gcc/4.9.2//lib/../lib64] ==> [/usr/local/bibliotheques/gcc/4.9.2/lib64]
  collapse dir [/usr/local/bibliotheques/gcc/4.9.2/lib/gcc/x86_64-unknown-linux-gnu/4.9.2] ==> [/usr/local/bibliotheques/gcc/4.9.2/lib/gcc/x86_64-unknown-linux-gnu/4.9.2]
  collapse dir [/usr/local/bibliotheques/gcc/4.9.2/lib/gcc/x86_64-unknown-linux-gnu/4.9.2/../../../../lib64] ==> [/usr/local/bibliotheques/gcc/4.9.2/lib64]
  collapse dir [/lib/x86_64-linux-gnu] ==> [/lib/x86_64-linux-gnu]
  collapse dir [/lib/../lib64] ==> [/lib64]
  collapse dir [/usr/lib/x86_64-linux-gnu] ==> [/usr/lib/x86_64-linux-gnu]
  collapse dir [/usr/local/bibliotheques/gcc/4.9.2//lib] ==> [/usr/local/bibliotheques/gcc/4.9.2/lib]
  collapse dir [/usr/local/bibliotheques/gcc/4.9.2/lib/gcc/x86_64-unknown-linux-gnu/4.9.2/../../..] ==> [/usr/local/bibliotheques/gcc/4.9.2/lib]
  implicit libs: [stdc++;m;c]
  implicit dirs: [/usr/local/bibliotheques/gcc/4.9.2/lib64;/usr/local/bibliotheques/gcc/4.9.2/lib/gcc/x86_64-unknown-linux-gnu/4.9.2;/lib/x86_64-linux-gnu;/lib64;/usr/lib/x86_64-linux-gnu;/usr/local/bibliotheques/gcc/4.9.2/lib]


